<?xml version="1.0" encoding="UTF-8"?>
<testsuite name="비즈니스 로직 - 댓글" tests="6" skipped="0" failures="0" errors="0" timestamp="2024-04-22T06:23:15" hostname="mac-jmui-MacBookPro.local" time="0.402">
  <properties/>
  <testcase name="댓글 ID를 입력하면, 댓글을 삭제한다." classname="com.fastcampus.boardservice.service.ArticleCommentServiceTest" time="0.342"/>
  <testcase name="댓글 저장을 시도했는데 맞는 게시글이 없으면, 경고 로그를 찍고 아무것도 안 한다." classname="com.fastcampus.boardservice.service.ArticleCommentServiceTest" time="0.009"/>
  <testcase name="게시글 ID로 조회하면, 해당하는 댓글 리스트를 반환한다." classname="com.fastcampus.boardservice.service.ArticleCommentServiceTest" time="0.013"/>
  <testcase name="댓글 정보를 입력하면, 댓글을 수정한다." classname="com.fastcampus.boardservice.service.ArticleCommentServiceTest" time="0.006"/>
  <testcase name="없는 댓글 정보를 수정하려고 하면, 경고 로그를 찍고 아무 것도 안 한다." classname="com.fastcampus.boardservice.service.ArticleCommentServiceTest" time="0.019"/>
  <testcase name="댓글 정보를 입력하면, 댓글을 저장한다." classname="com.fastcampus.boardservice.service.ArticleCommentServiceTest" time="0.006"/>
  <system-out><![CDATA[2024-04-22T15:23:15.372+09:00  WARN 60791 --- [    Test worker] c.f.b.service.ArticleCommentService      : 댓글 저장 실패. 댓글 작성에 필요한 정보를 찾을 수 없습니다 - null
2024-04-22T15:23:15.401+09:00  WARN 60791 --- [    Test worker] c.f.b.service.ArticleCommentService      : 댓글 업데이트 실패. 댓글을 찾을 수 없습니다 - dto: ArticleCommentDto[id=1, articleId=1, userAccountDto=UserAccountDto[userId=uno, userPassword=password, email=uno@mail.com, nickname=Uno, memo=This is memo, createdAt=2024-04-22T15:23:15.401002, createdBy=uno, modifiedAt=2024-04-22T15:23:15.401016, modifiedBy=uno], content=댓글, createdAt=2024-04-22T15:23:15.401019, createdBy=uno, modifiedAt=2024-04-22T15:23:15.401021, modifiedBy=uno]
]]></system-out>
  <system-err><![CDATA[]]></system-err>
</testsuite>
