<?xml version="1.0" encoding="UTF-8"?>
<testsuite name="비즈니스 로직 - 게시글" tests="14" skipped="0" failures="0" errors="0" timestamp="2024-04-22T06:23:15" hostname="mac-jmui-MacBookPro.local" time="0.062">
  <properties/>
  <testcase name="게시글 정보를 입력하면, 게시글을 생성한다." classname="com.fastcampus.boardservice.service.ArticleServiceTest" time="0.008"/>
  <testcase name="게시글을 해시태그 검색하면, 게시글 페이지를 반환한다." classname="com.fastcampus.boardservice.service.ArticleServiceTest" time="0.006"/>
  <testcase name="없는 게시글의 수정 정보를 입력하면, 경고 로그를 찍고 아무 것도 하지 않는다." classname="com.fastcampus.boardservice.service.ArticleServiceTest" time="0.004"/>
  <testcase name="게시글을 조회하면, 게시글을 반환한다." classname="com.fastcampus.boardservice.service.ArticleServiceTest" time="0.005"/>
  <testcase name="해시태그를 조회하면, 유니크 해시태그 리스트를 반환한다" classname="com.fastcampus.boardservice.service.ArticleServiceTest" time="0.002"/>
  <testcase name="검색어 없이 게시글을 검색하면, 게시글 페이지를 반환한다." classname="com.fastcampus.boardservice.service.ArticleServiceTest" time="0.001"/>
  <testcase name="게시글 ID로 조회하면, 댓글 달긴 게시글을 반환한다." classname="com.fastcampus.boardservice.service.ArticleServiceTest" time="0.003"/>
  <testcase name="게시글이 없으면, 예외를 던진다." classname="com.fastcampus.boardservice.service.ArticleServiceTest" time="0.006"/>
  <testcase name="댓글 달린 게시글이 없으면, 예외를 던진다." classname="com.fastcampus.boardservice.service.ArticleServiceTest" time="0.004"/>
  <testcase name="게시글 수를 조회하면, 게시글 수를 반환한다" classname="com.fastcampus.boardservice.service.ArticleServiceTest" time="0.001"/>
  <testcase name="검색어 없이 게시글을 해시태그 검색하면, 빈 페이지를 반환한다." classname="com.fastcampus.boardservice.service.ArticleServiceTest" time="0.002"/>
  <testcase name="검색어와 함께 게시글을 검색하면, 게시글 페이지를 반환한다." classname="com.fastcampus.boardservice.service.ArticleServiceTest" time="0.003"/>
  <testcase name="게시글의 ID를 입력하면, 게시글을 삭제한다" classname="com.fastcampus.boardservice.service.ArticleServiceTest" time="0.002"/>
  <testcase name="게시글의 수정 정보를 입력하면, 게시글을 수정한다." classname="com.fastcampus.boardservice.service.ArticleServiceTest" time="0.002"/>
  <system-out><![CDATA[2024-04-22T15:23:15.450+09:00  WARN 60791 --- [    Test worker] c.f.boardservice.service.ArticleService  : 게시글 업데이트 실패. 게시글을 수정하는데 필요한 정보를 찾을 수 없습니다 - null
]]></system-out>
  <system-err><![CDATA[]]></system-err>
</testsuite>
