<?xml version="1.0" encoding="UTF-8"?>
<testsuite name="View 컨트롤러 - 댓글" tests="2" skipped="0" failures="0" errors="0" timestamp="2024-04-22T06:23:09" hostname="mac-jmui-MacBookPro.local" time="0.384">
  <properties/>
  <testcase name="[view][GET] 댓글 삭제 - 정상 호출" classname="com.fastcampus.boardservice.controller.ArticleCommentControllerTest" time="0.301"/>
  <testcase name="[view][POST] 댓글 등록 - 정상 호출" classname="com.fastcampus.boardservice.controller.ArticleCommentControllerTest" time="0.072"/>
  <system-out><![CDATA[2024-04-22T15:23:07.560+09:00  INFO 60791 --- [    Test worker] t.c.s.AnnotationConfigContextLoaderUtils : Could not detect default configuration classes for test class [com.fastcampus.boardservice.controller.ArticleCommentControllerTest]: ArticleCommentControllerTest does not declare any static, non-private, non-final, nested classes annotated with @Configuration.
2024-04-22T15:23:07.624+09:00  INFO 60791 --- [    Test worker] .b.t.c.SpringBootTestContextBootstrapper : Found @SpringBootConfiguration com.fastcampus.boardservice.FastcampusBoardServiceApplication for test class com.fastcampus.boardservice.controller.ArticleCommentControllerTest

  .   ____          _            __ _ _
 /\\ / ___'_ __ _ _(_)_ __  __ _ \ \ \ \
( ( )\___ | '_ | '_| | '_ \/ _` | \ \ \ \
 \\/  ___)| |_)| | | | | || (_| |  ) ) ) )
  '  |____| .__|_| |_|_| |_\__, | / / / /
 =========|_|==============|___/=/_/_/_/
 :: Spring Boot ::               (v3.1.10)

2024-04-22T15:23:07.709+09:00  INFO 60791 --- [    Test worker] c.f.b.c.ArticleCommentControllerTest     : Starting ArticleCommentControllerTest using Java 17.0.10 with PID 60791 (started by jaemin in /Users/jaemin/Documents/Workspace/fastcampus/fastcampus-board-service/fastcampus-board-service)
2024-04-22T15:23:07.710+09:00 DEBUG 60791 --- [    Test worker] c.f.b.c.ArticleCommentControllerTest     : Running with Spring Boot v3.1.10, Spring v6.0.18
2024-04-22T15:23:07.710+09:00  INFO 60791 --- [    Test worker] c.f.b.c.ArticleCommentControllerTest     : No active profile set, falling back to 1 default profile: "default"
2024-04-22T15:23:09.265+09:00  INFO 60791 --- [    Test worker] o.s.b.a.w.s.WelcomePageHandlerMapping    : Adding welcome page template: index
2024-04-22T15:23:09.359+09:00 DEBUG 60791 --- [    Test worker] s.w.s.m.m.a.RequestMappingHandlerMapping : 4 mappings in 'requestMappingHandlerMapping'
2024-04-22T15:23:09.404+09:00 DEBUG 60791 --- [    Test worker] o.s.w.s.handler.SimpleUrlHandlerMapping  : Patterns [/webjars/**, /**] in 'resourceHandlerMapping'
2024-04-22T15:23:09.422+09:00  INFO 60791 --- [    Test worker] o.s.s.web.DefaultSecurityFilterChain     : Will secure any request with [org.springframework.security.web.session.DisableEncodeUrlFilter@276961df, org.springframework.security.web.context.request.async.WebAsyncManagerIntegrationFilter@56b5de49, org.springframework.security.web.context.SecurityContextHolderFilter@56bc8c45, org.springframework.security.web.header.HeaderWriterFilter@56d3e4a9, org.springframework.security.web.csrf.CsrfFilter@234a08ea, org.springframework.security.web.authentication.logout.LogoutFilter@67127bb1, org.springframework.security.web.authentication.UsernamePasswordAuthenticationFilter@53d257e7, org.springframework.security.web.authentication.ui.DefaultLoginPageGeneratingFilter@66161fee, org.springframework.security.web.authentication.ui.DefaultLogoutPageGeneratingFilter@dcaa0e8, org.springframework.security.web.savedrequest.RequestCacheAwareFilter@2542d320, org.springframework.security.web.servletapi.SecurityContextHolderAwareRequestFilter@2f29400e, org.springframework.security.web.authentication.AnonymousAuthenticationFilter@4c66b3d9, org.springframework.security.web.access.ExceptionTranslationFilter@39d666e0, org.springframework.security.web.access.intercept.AuthorizationFilter@54e1e8a7]
2024-04-22T15:23:09.553+09:00 DEBUG 60791 --- [    Test worker] s.w.s.m.m.a.RequestMappingHandlerAdapter : ControllerAdvice beans: 0 @ModelAttribute, 0 @InitBinder, 1 RequestBodyAdvice, 1 ResponseBodyAdvice
2024-04-22T15:23:09.569+09:00 DEBUG 60791 --- [    Test worker] .m.m.a.ExceptionHandlerExceptionResolver : ControllerAdvice beans: 0 @ExceptionHandler, 1 ResponseBodyAdvice
2024-04-22T15:23:09.721+09:00  INFO 60791 --- [    Test worker] o.s.b.t.m.w.SpringBootMockServletContext : Initializing Spring TestDispatcherServlet ''
2024-04-22T15:23:09.725+09:00  INFO 60791 --- [    Test worker] o.s.t.web.servlet.TestDispatcherServlet  : Initializing Servlet ''
2024-04-22T15:23:09.730+09:00  INFO 60791 --- [    Test worker] o.s.t.web.servlet.TestDispatcherServlet  : Completed initialization in 4 ms
2024-04-22T15:23:09.771+09:00  INFO 60791 --- [    Test worker] c.f.b.c.ArticleCommentControllerTest     : Started ArticleCommentControllerTest in 2.137 seconds (process running for 15.717)
2024-04-22T15:23:09.976+09:00 DEBUG 60791 --- [    Test worker] s.w.s.m.m.a.RequestMappingHandlerMapping : Mapped to com.fastcampus.boardservice.controller.ArticleCommentController#deleteArticleComment(Long, BoardPrincipal, Long)
2024-04-22T15:23:10.006+09:00 DEBUG 60791 --- [    Test worker] s.w.s.m.m.a.RequestMappingHandlerMapping : Mapped to com.fastcampus.boardservice.controller.ArticleCommentController#deleteArticleComment(Long, BoardPrincipal, Long)
2024-04-22T15:23:10.067+09:00 DEBUG 60791 --- [    Test worker] o.s.web.servlet.view.RedirectView        : View name 'redirect:', model {}
2024-04-22T15:23:10.183+09:00 DEBUG 60791 --- [    Test worker] s.w.s.m.m.a.RequestMappingHandlerMapping : Mapped to com.fastcampus.boardservice.controller.ArticleCommentController#postNewArticleComment(BoardPrincipal, ArticleCommentRequest)
2024-04-22T15:23:10.184+09:00 DEBUG 60791 --- [    Test worker] s.w.s.m.m.a.RequestMappingHandlerMapping : Mapped to com.fastcampus.boardservice.controller.ArticleCommentController#postNewArticleComment(BoardPrincipal, ArticleCommentRequest)
2024-04-22T15:23:10.203+09:00 DEBUG 60791 --- [    Test worker] o.s.web.servlet.view.RedirectView        : View name 'redirect:', model {}
]]></system-out>
  <system-err><![CDATA[]]></system-err>
</testsuite>
