<?xml version="1.0" encoding="UTF-8"?>
<testsuite name="com.fastcampus.boardservice.controller.MainControllerTest" tests="1" skipped="0" failures="0" errors="0" timestamp="2024-04-22T06:23:12" hostname="mac-jmui-MacBookPro.local" time="0.031">
  <properties/>
  <testcase name="givenNothing_whenRequestingRootPage_thenRedirectsToArticlesPage()" classname="com.fastcampus.boardservice.controller.MainControllerTest" time="0.031"/>
  <system-out><![CDATA[2024-04-22T15:23:11.951+09:00  INFO 60791 --- [    Test worker] t.c.s.AnnotationConfigContextLoaderUtils : Could not detect default configuration classes for test class [com.fastcampus.boardservice.controller.MainControllerTest]: MainControllerTest does not declare any static, non-private, non-final, nested classes annotated with @Configuration.
2024-04-22T15:23:11.961+09:00  INFO 60791 --- [    Test worker] .b.t.c.SpringBootTestContextBootstrapper : Found @SpringBootConfiguration com.fastcampus.boardservice.FastcampusBoardServiceApplication for test class com.fastcampus.boardservice.controller.MainControllerTest

  .   ____          _            __ _ _
 /\\ / ___'_ __ _ _(_)_ __  __ _ \ \ \ \
( ( )\___ | '_ | '_| | '_ \/ _` | \ \ \ \
 \\/  ___)| |_)| | | | | || (_| |  ) ) ) )
  '  |____| .__|_| |_|_| |_\__, | / / / /
 =========|_|==============|___/=/_/_/_/
 :: Spring Boot ::               (v3.1.10)

2024-04-22T15:23:12.020+09:00  INFO 60791 --- [    Test worker] c.f.b.controller.MainControllerTest      : Starting MainControllerTest using Java 17.0.10 with PID 60791 (started by jaemin in /Users/jaemin/Documents/Workspace/fastcampus/fastcampus-board-service/fastcampus-board-service)
2024-04-22T15:23:12.021+09:00 DEBUG 60791 --- [    Test worker] c.f.b.controller.MainControllerTest      : Running with Spring Boot v3.1.10, Spring v6.0.18
2024-04-22T15:23:12.021+09:00  INFO 60791 --- [    Test worker] c.f.b.controller.MainControllerTest      : No active profile set, falling back to 1 default profile: "default"
2024-04-22T15:23:12.348+09:00  INFO 60791 --- [    Test worker] o.s.b.a.w.s.WelcomePageHandlerMapping    : Adding welcome page template: index
2024-04-22T15:23:12.356+09:00 DEBUG 60791 --- [    Test worker] s.w.s.m.m.a.RequestMappingHandlerMapping : 3 mappings in 'requestMappingHandlerMapping'
2024-04-22T15:23:12.366+09:00 DEBUG 60791 --- [    Test worker] o.s.w.s.handler.SimpleUrlHandlerMapping  : Patterns [/webjars/**, /**] in 'resourceHandlerMapping'
2024-04-22T15:23:12.371+09:00  INFO 60791 --- [    Test worker] o.s.s.web.DefaultSecurityFilterChain     : Will secure any request with [org.springframework.security.web.session.DisableEncodeUrlFilter@2324100b, org.springframework.security.web.context.request.async.WebAsyncManagerIntegrationFilter@17dfa412, org.springframework.security.web.context.SecurityContextHolderFilter@5d4838fc, org.springframework.security.web.header.HeaderWriterFilter@867ce95, org.springframework.security.web.csrf.CsrfFilter@177244f5, org.springframework.security.web.authentication.logout.LogoutFilter@1763a8a1, org.springframework.security.web.authentication.UsernamePasswordAuthenticationFilter@2988933b, org.springframework.security.web.authentication.ui.DefaultLoginPageGeneratingFilter@17a65cb1, org.springframework.security.web.authentication.ui.DefaultLogoutPageGeneratingFilter@32c77e0d, org.springframework.security.web.savedrequest.RequestCacheAwareFilter@58989a4c, org.springframework.security.web.servletapi.SecurityContextHolderAwareRequestFilter@21833d72, org.springframework.security.web.authentication.AnonymousAuthenticationFilter@5fbb2225, org.springframework.security.web.access.ExceptionTranslationFilter@73515663, org.springframework.security.web.access.intercept.AuthorizationFilter@a55ed01]
2024-04-22T15:23:12.389+09:00 DEBUG 60791 --- [    Test worker] s.w.s.m.m.a.RequestMappingHandlerAdapter : ControllerAdvice beans: 0 @ModelAttribute, 0 @InitBinder, 1 RequestBodyAdvice, 1 ResponseBodyAdvice
2024-04-22T15:23:12.391+09:00 DEBUG 60791 --- [    Test worker] .m.m.a.ExceptionHandlerExceptionResolver : ControllerAdvice beans: 0 @ExceptionHandler, 1 ResponseBodyAdvice
2024-04-22T15:23:12.419+09:00  INFO 60791 --- [    Test worker] o.s.b.t.m.w.SpringBootMockServletContext : Initializing Spring TestDispatcherServlet ''
2024-04-22T15:23:12.420+09:00  INFO 60791 --- [    Test worker] o.s.t.web.servlet.TestDispatcherServlet  : Initializing Servlet ''
2024-04-22T15:23:12.421+09:00  INFO 60791 --- [    Test worker] o.s.t.web.servlet.TestDispatcherServlet  : Completed initialization in 1 ms
2024-04-22T15:23:12.428+09:00  INFO 60791 --- [    Test worker] c.f.b.controller.MainControllerTest      : Started MainControllerTest in 0.459 seconds (process running for 18.374)
2024-04-22T15:23:12.440+09:00 DEBUG 60791 --- [    Test worker] s.w.s.m.m.a.RequestMappingHandlerMapping : Mapped to com.fastcampus.boardservice.controller.MainController#root()
2024-04-22T15:23:12.448+09:00 DEBUG 60791 --- [    Test worker] s.w.s.m.m.a.RequestMappingHandlerMapping : Mapped to com.fastcampus.boardservice.controller.MainController#root()
2024-04-22T15:23:12.452+09:00 DEBUG 60791 --- [    Test worker] o.s.w.s.v.ContentNegotiatingViewResolver : Selected '*/*' given [*/*]
2024-04-22T15:23:12.453+09:00 DEBUG 60791 --- [    Test worker] o.s.w.servlet.view.InternalResourceView  : View [InternalResourceView], model {}
2024-04-22T15:23:12.456+09:00 DEBUG 60791 --- [    Test worker] o.s.w.servlet.view.InternalResourceView  : Forwarding to [/articles]

MockHttpServletRequest:
      HTTP Method = GET
      Request URI = /
       Parameters = {}
          Headers = []
             Body = null
    Session Attrs = {}

Handler:
             Type = com.fastcampus.boardservice.controller.MainController
           Method = com.fastcampus.boardservice.controller.MainController#root()

Async:
    Async started = false
     Async result = null

Resolved Exception:
             Type = null

ModelAndView:
        View name = forward:/articles
             View = null
            Model = null

FlashMap:
       Attributes = null

MockHttpServletResponse:
           Status = 200
    Error message = null
          Headers = [Content-Language:"en", X-Content-Type-Options:"nosniff", X-XSS-Protection:"0", Cache-Control:"no-cache, no-store, max-age=0, must-revalidate", Pragma:"no-cache", Expires:"0", X-Frame-Options:"DENY"]
     Content type = null
             Body = 
    Forwarded URL = /articles
   Redirected URL = null
          Cookies = []
]]></system-out>
  <system-err><![CDATA[]]></system-err>
</testsuite>
