<?xml version="1.0" encoding="UTF-8"?>
<testsuite name="View 컨트롤러 - 게시글" tests="14" skipped="1" failures="0" errors="0" timestamp="2024-04-22T06:23:11" hostname="mac-jmui-MacBookPro.local" time="0.587">
  <properties/>
  <testcase name="[view][POST] 게시글 수정 - 정상 호출" classname="com.fastcampus.boardservice.controller.ArticleControllerTest" time="0.054"/>
  <testcase name="[view][GET] 게시글 해시태그 검색 페이지 - 정상 호출, 해시태그 입력" classname="com.fastcampus.boardservice.controller.ArticleControllerTest" time="0.238"/>
  <testcase name="[view][GET] 게시글 검색 전용 페이지 - 정상 호출" classname="com.fastcampus.boardservice.controller.ArticleControllerTest" time="0.002">
    <skipped/>
  </testcase>
  <testcase name="[view][GET] 게시글 리스트 (게시판) 페이지 - 검색어와 함께 호출" classname="com.fastcampus.boardservice.controller.ArticleControllerTest" time="0.044"/>
  <testcase name="[view][GET] 새 게시글 작성 페이지" classname="com.fastcampus.boardservice.controller.ArticleControllerTest" time="0.027"/>
  <testcase name="[view][GET] 게시글 해시태그 검색 페이지 - 정상 호출" classname="com.fastcampus.boardservice.controller.ArticleControllerTest" time="0.017"/>
  <testcase name="[view][GET] 게시글 리스트 (게시판) 페이지 - 페이징, 정렬 기능" classname="com.fastcampus.boardservice.controller.ArticleControllerTest" time="0.016"/>
  <testcase name="[view][POST] 게시글 삭제 - 정상 호출" classname="com.fastcampus.boardservice.controller.ArticleControllerTest" time="0.013"/>
  <testcase name="[view][GET] 게시글 페이지 - 인증 없을 땐 로그인 페이지로 이동" classname="com.fastcampus.boardservice.controller.ArticleControllerTest" time="0.017"/>
  <testcase name="[view][GET] 게시글 리스트 (게시판) 페이지 - 정상 호출" classname="com.fastcampus.boardservice.controller.ArticleControllerTest" time="0.016"/>
  <testcase name="[view][GET] 게시글 수정 페이지 - 정상 호출, 인증된 사용자" classname="com.fastcampus.boardservice.controller.ArticleControllerTest" time="0.026"/>
  <testcase name="[view][POST] 새 게시글 등록 - 정상 호출" classname="com.fastcampus.boardservice.controller.ArticleControllerTest" time="0.022"/>
  <testcase name="[view][GET] 게시글 수정 페이지 - 인증 없을 땐 로그인 페이지로 이동" classname="com.fastcampus.boardservice.controller.ArticleControllerTest" time="0.007"/>
  <testcase name="[view][GET] 게시글 페이지 - 정상 호출, 인증된 사용자" classname="com.fastcampus.boardservice.controller.ArticleControllerTest" time="0.045"/>
  <system-out><![CDATA[2024-04-22T15:23:10.244+09:00  INFO 60791 --- [    Test worker] t.c.s.AnnotationConfigContextLoaderUtils : Could not detect default configuration classes for test class [com.fastcampus.boardservice.controller.ArticleControllerTest]: ArticleControllerTest does not declare any static, non-private, non-final, nested classes annotated with @Configuration.
2024-04-22T15:23:10.271+09:00  INFO 60791 --- [    Test worker] .b.t.c.SpringBootTestContextBootstrapper : Found @SpringBootConfiguration com.fastcampus.boardservice.FastcampusBoardServiceApplication for test class com.fastcampus.boardservice.controller.ArticleControllerTest

  .   ____          _            __ _ _
 /\\ / ___'_ __ _ _(_)_ __  __ _ \ \ \ \
( ( )\___ | '_ | '_| | '_ \/ _` | \ \ \ \
 \\/  ___)| |_)| | | | | || (_| |  ) ) ) )
  '  |____| .__|_| |_|_| |_\__, | / / / /
 =========|_|==============|___/=/_/_/_/
 :: Spring Boot ::               (v3.1.10)

2024-04-22T15:23:10.388+09:00  INFO 60791 --- [    Test worker] c.f.b.controller.ArticleControllerTest   : Starting ArticleControllerTest using Java 17.0.10 with PID 60791 (started by jaemin in /Users/jaemin/Documents/Workspace/fastcampus/fastcampus-board-service/fastcampus-board-service)
2024-04-22T15:23:10.390+09:00 DEBUG 60791 --- [    Test worker] c.f.b.controller.ArticleControllerTest   : Running with Spring Boot v3.1.10, Spring v6.0.18
2024-04-22T15:23:10.392+09:00  INFO 60791 --- [    Test worker] c.f.b.controller.ArticleControllerTest   : No active profile set, falling back to 1 default profile: "default"
2024-04-22T15:23:11.113+09:00  INFO 60791 --- [    Test worker] o.s.b.a.w.s.WelcomePageHandlerMapping    : Adding welcome page template: index
2024-04-22T15:23:11.132+09:00 DEBUG 60791 --- [    Test worker] s.w.s.m.m.a.RequestMappingHandlerMapping : 10 mappings in 'requestMappingHandlerMapping'
2024-04-22T15:23:11.153+09:00 DEBUG 60791 --- [    Test worker] o.s.w.s.handler.SimpleUrlHandlerMapping  : Patterns [/webjars/**, /**] in 'resourceHandlerMapping'
2024-04-22T15:23:11.161+09:00  INFO 60791 --- [    Test worker] o.s.s.web.DefaultSecurityFilterChain     : Will secure any request with [org.springframework.security.web.session.DisableEncodeUrlFilter@6c9c375, org.springframework.security.web.context.request.async.WebAsyncManagerIntegrationFilter@4de6c6b9, org.springframework.security.web.context.SecurityContextHolderFilter@fadd58, org.springframework.security.web.header.HeaderWriterFilter@7122b1ff, org.springframework.security.web.csrf.CsrfFilter@1f4e9eee, org.springframework.security.web.authentication.logout.LogoutFilter@28ab3c60, org.springframework.security.web.authentication.UsernamePasswordAuthenticationFilter@77f0b9d7, org.springframework.security.web.authentication.ui.DefaultLoginPageGeneratingFilter@51386308, org.springframework.security.web.authentication.ui.DefaultLogoutPageGeneratingFilter@4f141a7, org.springframework.security.web.savedrequest.RequestCacheAwareFilter@6ba88a47, org.springframework.security.web.servletapi.SecurityContextHolderAwareRequestFilter@35f18100, org.springframework.security.web.authentication.AnonymousAuthenticationFilter@763d7eef, org.springframework.security.web.access.ExceptionTranslationFilter@aca89a3, org.springframework.security.web.access.intercept.AuthorizationFilter@35950e2]
2024-04-22T15:23:11.188+09:00 DEBUG 60791 --- [    Test worker] s.w.s.m.m.a.RequestMappingHandlerAdapter : ControllerAdvice beans: 0 @ModelAttribute, 0 @InitBinder, 1 RequestBodyAdvice, 1 ResponseBodyAdvice
2024-04-22T15:23:11.202+09:00 DEBUG 60791 --- [    Test worker] .m.m.a.ExceptionHandlerExceptionResolver : ControllerAdvice beans: 0 @ExceptionHandler, 1 ResponseBodyAdvice
2024-04-22T15:23:11.318+09:00  INFO 60791 --- [    Test worker] o.s.b.t.m.w.SpringBootMockServletContext : Initializing Spring TestDispatcherServlet ''
2024-04-22T15:23:11.320+09:00  INFO 60791 --- [    Test worker] o.s.t.web.servlet.TestDispatcherServlet  : Initializing Servlet ''
2024-04-22T15:23:11.323+09:00  INFO 60791 --- [    Test worker] o.s.t.web.servlet.TestDispatcherServlet  : Completed initialization in 1 ms
2024-04-22T15:23:11.340+09:00  INFO 60791 --- [    Test worker] c.f.b.controller.ArticleControllerTest   : Started ArticleControllerTest in 1.056 seconds (process running for 17.286)
2024-04-22T15:23:11.384+09:00 DEBUG 60791 --- [    Test worker] s.w.s.m.m.a.RequestMappingHandlerMapping : Mapped to com.fastcampus.boardservice.controller.ArticleController#updateArticle(Long, BoardPrincipal, ArticleRequest)
2024-04-22T15:23:11.388+09:00 DEBUG 60791 --- [    Test worker] s.w.s.m.m.a.RequestMappingHandlerMapping : Mapped to com.fastcampus.boardservice.controller.ArticleController#updateArticle(Long, BoardPrincipal, ArticleRequest)
2024-04-22T15:23:11.397+09:00 DEBUG 60791 --- [    Test worker] o.s.web.servlet.view.RedirectView        : View name 'redirect:', model {}
2024-04-22T15:23:11.437+09:00 DEBUG 60791 --- [    Test worker] s.w.s.m.m.a.RequestMappingHandlerMapping : Mapped to com.fastcampus.boardservice.controller.ArticleController#searchArticleHashtag(String, Pageable, ModelMap)
2024-04-22T15:23:11.440+09:00 DEBUG 60791 --- [    Test worker] s.w.s.m.m.a.RequestMappingHandlerMapping : Mapped to com.fastcampus.boardservice.controller.ArticleController#searchArticleHashtag(String, Pageable, ModelMap)
2024-04-22T15:23:11.474+09:00 DEBUG 60791 --- [    Test worker] o.s.w.s.v.ContentNegotiatingViewResolver : Selected '*/*' given [*/*]
2024-04-22T15:23:11.666+09:00 DEBUG 60791 --- [    Test worker] s.w.s.m.m.a.RequestMappingHandlerMapping : Mapped to com.fastcampus.boardservice.controller.ArticleController#articles(SearchType, String, Pageable, ModelMap)
2024-04-22T15:23:11.668+09:00 DEBUG 60791 --- [    Test worker] s.w.s.m.m.a.RequestMappingHandlerMapping : Mapped to com.fastcampus.boardservice.controller.ArticleController#articles(SearchType, String, Pageable, ModelMap)
2024-04-22T15:23:11.675+09:00 DEBUG 60791 --- [    Test worker] o.s.w.s.v.ContentNegotiatingViewResolver : Selected '*/*' given [*/*]
2024-04-22T15:23:11.712+09:00 DEBUG 60791 --- [    Test worker] s.w.s.m.m.a.RequestMappingHandlerMapping : Mapped to com.fastcampus.boardservice.controller.ArticleController#articleForm(ModelMap)
2024-04-22T15:23:11.713+09:00 DEBUG 60791 --- [    Test worker] s.w.s.m.m.a.RequestMappingHandlerMapping : Mapped to com.fastcampus.boardservice.controller.ArticleController#articleForm(ModelMap)
2024-04-22T15:23:11.716+09:00 DEBUG 60791 --- [    Test worker] o.s.w.s.v.ContentNegotiatingViewResolver : Selected '*/*' given [*/*]
2024-04-22T15:23:11.739+09:00 DEBUG 60791 --- [    Test worker] s.w.s.m.m.a.RequestMappingHandlerMapping : Mapped to com.fastcampus.boardservice.controller.ArticleController#searchArticleHashtag(String, Pageable, ModelMap)
2024-04-22T15:23:11.740+09:00 DEBUG 60791 --- [    Test worker] s.w.s.m.m.a.RequestMappingHandlerMapping : Mapped to com.fastcampus.boardservice.controller.ArticleController#searchArticleHashtag(String, Pageable, ModelMap)
2024-04-22T15:23:11.742+09:00 DEBUG 60791 --- [    Test worker] o.s.w.s.v.ContentNegotiatingViewResolver : Selected '*/*' given [*/*]
2024-04-22T15:23:11.762+09:00 DEBUG 60791 --- [    Test worker] s.w.s.m.m.a.RequestMappingHandlerMapping : Mapped to com.fastcampus.boardservice.controller.ArticleController#articles(SearchType, String, Pageable, ModelMap)
2024-04-22T15:23:11.762+09:00 DEBUG 60791 --- [    Test worker] s.w.s.m.m.a.RequestMappingHandlerMapping : Mapped to com.fastcampus.boardservice.controller.ArticleController#articles(SearchType, String, Pageable, ModelMap)
2024-04-22T15:23:11.767+09:00 DEBUG 60791 --- [    Test worker] o.s.w.s.v.ContentNegotiatingViewResolver : Selected '*/*' given [*/*]
2024-04-22T15:23:11.784+09:00 DEBUG 60791 --- [    Test worker] s.w.s.m.m.a.RequestMappingHandlerMapping : Mapped to com.fastcampus.boardservice.controller.ArticleController#deleteArticle(Long, BoardPrincipal)
2024-04-22T15:23:11.785+09:00 DEBUG 60791 --- [    Test worker] s.w.s.m.m.a.RequestMappingHandlerMapping : Mapped to com.fastcampus.boardservice.controller.ArticleController#deleteArticle(Long, BoardPrincipal)
2024-04-22T15:23:11.786+09:00 DEBUG 60791 --- [    Test worker] o.s.web.servlet.view.RedirectView        : View name 'redirect:', model {}
2024-04-22T15:23:11.799+09:00 DEBUG 60791 --- [    Test worker] s.w.s.m.m.a.RequestMappingHandlerMapping : Mapped to com.fastcampus.boardservice.controller.ArticleController#article(Long, ModelMap)
2024-04-22T15:23:11.818+09:00 DEBUG 60791 --- [    Test worker] s.w.s.m.m.a.RequestMappingHandlerMapping : Mapped to com.fastcampus.boardservice.controller.ArticleController#articles(SearchType, String, Pageable, ModelMap)
2024-04-22T15:23:11.818+09:00 DEBUG 60791 --- [    Test worker] s.w.s.m.m.a.RequestMappingHandlerMapping : Mapped to com.fastcampus.boardservice.controller.ArticleController#articles(SearchType, String, Pageable, ModelMap)
2024-04-22T15:23:11.820+09:00 DEBUG 60791 --- [    Test worker] o.s.w.s.v.ContentNegotiatingViewResolver : Selected '*/*' given [*/*]
2024-04-22T15:23:11.836+09:00 DEBUG 60791 --- [    Test worker] s.w.s.m.m.a.RequestMappingHandlerMapping : Mapped to com.fastcampus.boardservice.controller.ArticleController#updateArticleForm(Long, ModelMap)
2024-04-22T15:23:11.838+09:00 DEBUG 60791 --- [    Test worker] s.w.s.m.m.a.RequestMappingHandlerMapping : Mapped to com.fastcampus.boardservice.controller.ArticleController#updateArticleForm(Long, ModelMap)
2024-04-22T15:23:11.839+09:00 DEBUG 60791 --- [    Test worker] o.s.w.s.v.ContentNegotiatingViewResolver : Selected '*/*' given [*/*]
2024-04-22T15:23:11.867+09:00 DEBUG 60791 --- [    Test worker] s.w.s.m.m.a.RequestMappingHandlerMapping : Mapped to com.fastcampus.boardservice.controller.ArticleController#postNewArticle(BoardPrincipal, ArticleRequest)
2024-04-22T15:23:11.868+09:00 DEBUG 60791 --- [    Test worker] s.w.s.m.m.a.RequestMappingHandlerMapping : Mapped to com.fastcampus.boardservice.controller.ArticleController#postNewArticle(BoardPrincipal, ArticleRequest)
2024-04-22T15:23:11.879+09:00 DEBUG 60791 --- [    Test worker] o.s.web.servlet.view.RedirectView        : View name 'redirect:', model {}
2024-04-22T15:23:11.889+09:00 DEBUG 60791 --- [    Test worker] s.w.s.m.m.a.RequestMappingHandlerMapping : Mapped to com.fastcampus.boardservice.controller.ArticleController#updateArticleForm(Long, ModelMap)
2024-04-22T15:23:11.899+09:00 DEBUG 60791 --- [    Test worker] s.w.s.m.m.a.RequestMappingHandlerMapping : Mapped to com.fastcampus.boardservice.controller.ArticleController#article(Long, ModelMap)
2024-04-22T15:23:11.900+09:00 DEBUG 60791 --- [    Test worker] s.w.s.m.m.a.RequestMappingHandlerMapping : Mapped to com.fastcampus.boardservice.controller.ArticleController#article(Long, ModelMap)
2024-04-22T15:23:11.906+09:00 DEBUG 60791 --- [    Test worker] o.s.w.s.v.ContentNegotiatingViewResolver : Selected '*/*' given [*/*]
]]></system-out>
  <system-err><![CDATA[]]></system-err>
</testsuite>
