<?xml version="1.0" encoding="UTF-8"?>
<testsuite name="com.fastcampus.boardservice.service.PaginationServiceTest" tests="11" skipped="0" failures="0" errors="0" timestamp="2024-04-22T06:23:15" hostname="mac-jmui-MacBookPro.local" time="0.068">
  <properties/>
  <testcase name="[1] 현재 페이지: 0, 총 페이지: 13 =&gt; [0, 1, 2, 3, 4]" classname="com.fastcampus.boardservice.service.PaginationServiceTest" time="0.031"/>
  <testcase name="[2] 현재 페이지: 1, 총 페이지: 13 =&gt; [0, 1, 2, 3, 4]" classname="com.fastcampus.boardservice.service.PaginationServiceTest" time="0.001"/>
  <testcase name="[3] 현재 페이지: 2, 총 페이지: 13 =&gt; [0, 1, 2, 3, 4]" classname="com.fastcampus.boardservice.service.PaginationServiceTest" time="0.001"/>
  <testcase name="[4] 현재 페이지: 3, 총 페이지: 13 =&gt; [1, 2, 3, 4, 5]" classname="com.fastcampus.boardservice.service.PaginationServiceTest" time="0.004"/>
  <testcase name="[5] 현재 페이지: 4, 총 페이지: 13 =&gt; [2, 3, 4, 5, 6]" classname="com.fastcampus.boardservice.service.PaginationServiceTest" time="0.001"/>
  <testcase name="[6] 현재 페이지: 5, 총 페이지: 13 =&gt; [3, 4, 5, 6, 7]" classname="com.fastcampus.boardservice.service.PaginationServiceTest" time="0.003"/>
  <testcase name="[7] 현재 페이지: 6, 총 페이지: 13 =&gt; [4, 5, 6, 7, 8]" classname="com.fastcampus.boardservice.service.PaginationServiceTest" time="0.001"/>
  <testcase name="[8] 현재 페이지: 10, 총 페이지: 13 =&gt; [8, 9, 10, 11, 12]" classname="com.fastcampus.boardservice.service.PaginationServiceTest" time="0.002"/>
  <testcase name="[9] 현재 페이지: 11, 총 페이지: 13 =&gt; [9, 10, 11, 12]" classname="com.fastcampus.boardservice.service.PaginationServiceTest" time="0.001"/>
  <testcase name="[10] 현재 페이지: 12, 총 페이지: 13 =&gt; [10, 11, 12]" classname="com.fastcampus.boardservice.service.PaginationServiceTest" time="0.002"/>
  <testcase name="현재 설정되어 있는 페이지네이션 바의 길이를 알려준다." classname="com.fastcampus.boardservice.service.PaginationServiceTest" time="0.002"/>
  <system-out><![CDATA[
  .   ____          _            __ _ _
 /\\ / ___'_ __ _ _(_)_ __  __ _ \ \ \ \
( ( )\___ | '_ | '_| | '_ \/ _` | \ \ \ \
 \\/  ___)| |_)| | | | | || (_| |  ) ) ) )
  '  |____| .__|_| |_|_| |_\__, | / / / /
 =========|_|==============|___/=/_/_/_/
 :: Spring Boot ::               (v3.1.10)

2024-04-22T15:23:15.612+09:00  INFO 60791 --- [    Test worker] c.f.b.service.PaginationServiceTest      : Starting PaginationServiceTest using Java 17.0.10 with PID 60791 (started by jaemin in /Users/jaemin/Documents/Workspace/fastcampus/fastcampus-board-service/fastcampus-board-service)
2024-04-22T15:23:15.613+09:00 DEBUG 60791 --- [    Test worker] c.f.b.service.PaginationServiceTest      : Running with Spring Boot v3.1.10, Spring v6.0.18
2024-04-22T15:23:15.613+09:00  INFO 60791 --- [    Test worker] c.f.b.service.PaginationServiceTest      : No active profile set, falling back to 1 default profile: "default"
2024-04-22T15:23:15.635+09:00  INFO 60791 --- [    Test worker] c.f.b.service.PaginationServiceTest      : Started PaginationServiceTest in 0.1 seconds (process running for 21.581)
]]></system-out>
  <system-err><![CDATA[]]></system-err>
</testsuite>
